2022-07-31 15:37:42,214 myCat [ERROR] This is an error message
2022-07-31 15:37:42,214 myCat [WARN] This is a warn message
2022-07-31 15:37:42,214 myCat [INFO] This is an info message
2022-07-31 15:37:42,214 myCat [DEBUG] This is a debug message
2022-07-31 16:42:40,931 myCat [ERROR] [TestMylogger.cc:addprefix:13]This is an error message
2022-07-31 16:42:40,931 myCat [WARN] [TestMylogger.cc:addprefix:13]This is a warn message
2022-07-31 16:42:40,931 myCat [INFO] [TestMylogger.cc:addprefix:13]This is an info message
2022-07-31 16:42:40,931 myCat [DEBUG] [TestMylogger.cc:addprefix:13]This is a debug message
2022-07-31 16:52:45,051 myCat [ERROR] [TestMylogger.cc:test2:26]This is an error message
2022-07-31 16:52:45,051 myCat [WARN] [TestMylogger.cc:test2:27]This is a warn message
2022-07-31 16:52:45,051 myCat [INFO] [TestMylogger.cc:test2:28]This is an info message
2022-07-31 16:52:45,051 myCat [DEBUG] [TestMylogger.cc:test2:29]This is a debug message
2022-07-31 17:02:01,068 myCat [INFO] [TestMylogger.cc:test3:34]The log is info message
2022-07-31 17:02:01,068 myCat [ERROR] [TestMylogger.cc:test3:35]The log is error message
2022-07-31 17:02:01,068 myCat [WARN] [TestMylogger.cc:test3:36]The log is warn message
2022-07-31 17:02:01,068 myCat [DEBUG] [TestMylogger.cc:test3:37]The log is debug message
2022-07-31 17:05:48,834 myCat [INFO] [TestMylogger.cc:test3:34]The log is info message
2022-07-31 17:05:48,834 myCat [ERROR] [TestMylogger.cc:test3:35]The log is error message
2022-07-31 17:05:48,834 myCat [WARN] [TestMylogger.cc:test3:36]The log is warn message
2022-07-31 17:05:48,834 myCat [DEBUG] [TestMylogger.cc:test3:37]The log is debug message
